{"time": "2026-07-16 16:03:03,438", "name": "name_gen", "level": "WARNING", "message": "No match found for subdivision: "}
{"time": "2026-07-17 11:44:56,994", "name": "name_gen", "level": "WARNING", "message": "No match found for subdivision: "}
{"time": "2026-07-17 12:46:31,902", "name": "name_gen", "level": "WARNING", "message": "No match found for subdivision: Yunnan"}
{"time": "2026-07-17 12:46:36,380", "name": "name_gen", "level": "WARNING", "message": "No match found for subdivision: Sichuan"}
{"time": "2026-07-17 12:46:46,841", "name": "name_gen", "level": "WARNING", "message": "No match found for subdivision: Guangdong"}
{"time": "2026-07-17 12:46:48,789", "name": "name_gen", "level": "WARNING", "message": "No match found for subdivision: Yunnan"}
{"time": "2026-07-17 12:46:50,973", "name": "name_gen", "level": "WARNING", "message": "No match found for subdivision: "}
{"time": "2026-07-17 12:46:53,158", "name": "name_gen", "level": "WARNING", "message": "No match found for subdivision: Hubei"}
{"time": "2026-07-17 12:47:04,080", "name": "name_gen", "level": "WARNING", "message": "No match found for subdivision: Brittany"}
{"time": "2026-07-17 12:47:12,827", "name": "name_gen", "level": "WARNING", "message": "No match found for subdivision: Guangdong"}
{"time": "2026-07-17 12:47:14,932", "name": "name_gen", "level": "WARNING", "message": "No match found for subdivision: Yunnan"}
{"time": "2026-07-17 12:47:17,140", "name": "name_gen", "level": "WARNING", "message": "No match found for subdivision: "}
{"time": "2026-07-17 12:47:24,087", "name": "name_gen", "level": "WARNING", "message": "No match found for subdivision: "}
{"time": "2026-07-17 12:47:33,433", "name": "name_gen", "level": "WARNING", "message": "No match found for subdivision: Normandy"}
{"time": "2026-07-17 12:47:35,931", "name": "name_gen", "level": "WARNING", "message": "No match found for subdivision: Normandy"}
{"time": "2026-07-17 12:47:40,648", "name": "name_gen", "level": "WARNING", "message": "No match found for subdivision: "}
{"time": "2026-07-17 12:47:42,893", "name": "name_gen", "level": "WARNING", "message": "No match found for subdivision: Tuscany"}
{"time": "2026-07-17 12:47:45,043", "name": "name_gen", "level": "WARNING", "message": "No match found for subdivision: "}
{"time": "2026-07-17 12:47:49,471", "name": "name_gen", "level": "WARNING", "message": "No match found for subdivision: Tuscany"}
{"time": "2026-07-17 12:47:55,898", "name": "name_gen", "level": "WARNING", "message": "No match found for subdivision: "}
{"time": "2026-07-17 12:48:07,109", "name": "name_gen", "level": "WARNING", "message": "No match found for subdivision: Brittany"}
{"time": "2026-07-17 12:48:11,617", "name": "name_gen", "level": "WARNING", "message": "No match found for subdivision: "}
{"time": "2026-07-17 12:48:31,625", "name": "name_gen", "level": "WARNING", "message": "No match found for subdivision: Normandy"}
{"time": "2026-07-17 12:48:36,144", "name": "name_gen", "level": "WARNING", "message": "No match found for subdivision: Sichuan"}
{"time": "2026-07-17 12:48:38,477", "name": "name_gen", "level": "WARNING", "message": "No match found for subdivision: Sichuan"}
{"time": "2026-07-17 12:48:45,229", "name": "name_gen", "level": "WARNING", "message": "No match found for subdivision: Tuscany"}
{"time": "2026-07-17 12:48:51,626", "name": "name_gen", "level": "WARNING", "message": "No match found for subdivision: Sichuan"}
{"time": "2026-07-17 12:48:55,797", "name": "name_gen", "level": "WARNING", "message": "No match found for subdivision: Brittany"}
{"time": "2026-07-17 12:48:57,954", "name": "name_gen", "level": "WARNING", "message": "No match found for subdivision: "}
{"time": "2026-07-17 12:49:02,356", "name": "name_gen", "level": "WARNING", "message": "No match found for subdivision: "}
{"time": "2026-07-17 12:49:08,437", "name": "name_gen", "level": "WARNING", "message": "No match found for subdivision: Tuscany"}
{"time": "2026-07-17 12:49:10,483", "name": "name_gen", "level": "WARNING", "message": "No match found for subdivision: Sichuan"}
{"time": "2026-07-17 12:49:14,597", "name": "name_gen", "level": "WARNING", "message": "No match found for subdivision: Brittany"}
{"time": "2026-07-17 12:49:16,738", "name": "name_gen", "level": "WARNING", "message": "No match found for subdivision: Normandy"}
{"time": "2026-07-17 12:49:19,021", "name": "name_gen", "level": "WARNING", "message": "No match found for subdivision: Guangdong"}
{"time": "2026-07-17 12:49:21,227", "name": "name_gen", "level": "WARNING", "message": "No match found for subdivision: "}
{"time": "2026-07-17 12:49:25,681", "name": "name_gen", "level": "WARNING", "message": "No match found for subdivision: Hubei"}
{"time": "2026-07-17 12:49:27,803", "name": "name_gen", "level": "WARNING", "message": "No match found for subdivision: Tuscany"}
{"time": "2026-07-17 12:49:30,052", "name": "name_gen", "level": "WARNING", "message": "No match found for subdivision: Tuscany"}
{"time": "2026-07-17 12:49:40,873", "name": "name_gen", "level": "WARNING", "message": "No match found for subdivision: Lombardy"}
{"time": "2026-07-17 12:49:57,049", "name": "name_gen", "level": "WARNING", "message": "No match found for subdivision: Hubei"}
{"time": "2026-07-17 13:17:36,723", "name": "name_gen", "level": "WARNING", "message": "No match found for subdivision: Yunnan"}
{"time": "2026-07-17 13:17:54,402", "name": "name_gen", "level": "WARNING", "message": "No match found for subdivision: Yunnan"}
{"time": "2026-07-17 13:17:56,582", "name": "name_gen", "level": "WARNING", "message": "No match found for subdivision: "}
{"time": "2026-07-17 13:17:58,687", "name": "name_gen", "level": "WARNING", "message": "No match found for subdivision: Hubei"}
{"time": "2026-07-17 13:18:10,021", "name": "name_gen", "level": "WARNING", "message": "No match found for subdivision: Brittany"}
{"time": "2026-07-17 13:18:20,373", "name": "name_gen", "level": "WARNING", "message": "No match found for subdivision: Yunnan"}
{"time": "2026-07-17 13:18:22,459", "name": "name_gen", "level": "WARNING", "message": "No match found for subdivision: "}
{"time": "2026-07-17 13:18:28,579", "name": "name_gen", "level": "WARNING", "message": "No match found for subdivision: "}
{"time": "2026-07-17 13:18:42,848", "name": "name_gen", "level": "WARNING", "message": "No match found for subdivision: "}
{"time": "2026-07-17 13:18:46,770", "name": "name_gen", "level": "WARNING", "message": "No match found for subdivision: "}
{"time": "2026-07-17 13:18:57,011", "name": "name_gen", "level": "WARNING", "message": "No match found for subdivision: "}
{"time": "2026-07-17 13:19:07,229", "name": "name_gen", "level": "WARNING", "message": "No match found for subdivision: Brittany"}
{"time": "2026-07-17 13:19:11,254", "name": "name_gen", "level": "WARNING", "message": "No match found for subdivision: "}
{"time": "2026-07-17 13:19:55,183", "name": "name_gen", "level": "WARNING", "message": "No match found for subdivision: Brittany"}
{"time": "2026-07-17 13:19:57,304", "name": "name_gen", "level": "WARNING", "message": "No match found for subdivision: "}
{"time": "2026-07-17 13:20:01,455", "name": "name_gen", "level": "WARNING", "message": "No match found for subdivision: "}
{"time": "2026-07-17 13:20:12,953", "name": "name_gen", "level": "WARNING", "message": "No match found for subdivision: Brittany"}
{"time": "2026-07-17 13:20:19,037", "name": "name_gen", "level": "WARNING", "message": "No match found for subdivision: "}
{"time": "2026-07-17 13:20:23,275", "name": "name_gen", "level": "WARNING", "message": "No match found for subdivision: Hubei"}
{"time": "2026-07-17 13:20:53,050", "name": "name_gen", "level": "WARNING", "message": "No match found for subdivision: Hubei"}
{"time": "2026-07-17 13:20:57,325", "name": "name_gen", "level": "WARNING", "message": "No match found for subdivision: Saxony"}
